  [1m[35m (372.9ms)[0m  [1m[35mCREATE DATABASE "triviasaurus-backend_development" ENCODING = 'unicode'[0m
  ↳ bin/rails:9
  [1m[35m (305.3ms)[0m  [1m[35mCREATE DATABASE "triviasaurus-backend_test" ENCODING = 'unicode'[0m
  ↳ bin/rails:9
  [1m[35m (6.2ms)[0m  [1m[35mCREATE TABLE "schema_migrations" ("version" character varying NOT NULL PRIMARY KEY)[0m
  ↳ bin/rails:9
  [1m[35m (3.5ms)[0m  [1m[35mCREATE TABLE "ar_internal_metadata" ("key" character varying NOT NULL PRIMARY KEY, "value" character varying, "created_at" timestamp NOT NULL, "updated_at" timestamp NOT NULL)[0m
  ↳ bin/rails:9
  [1m[35m (0.2ms)[0m  [1m[34mSELECT pg_try_advisory_lock(5627140775524826775)[0m
  ↳ bin/rails:9
  [1m[35m (0.5ms)[0m  [1m[34mSELECT "schema_migrations"."version" FROM "schema_migrations" ORDER BY "schema_migrations"."version" ASC[0m
  ↳ bin/rails:9
Migrating to CreateUsers (20181227182636)
  [1m[35m (0.1ms)[0m  [1m[35mBEGIN[0m
  ↳ bin/rails:9
  [1m[35m (4.1ms)[0m  [1m[35mCREATE TABLE "users" ("id" bigserial primary key, "username" character varying, "created_at" timestamp NOT NULL, "updated_at" timestamp NOT NULL)[0m
  ↳ db/migrate/20181227182636_create_users.rb:3
  [1m[36mActiveRecord::SchemaMigration Create (0.7ms)[0m  [1m[32mINSERT INTO "schema_migrations" ("version") VALUES ($1) RETURNING "version"[0m  [["version", "20181227182636"]]
  ↳ bin/rails:9
  [1m[35m (0.5ms)[0m  [1m[35mCOMMIT[0m
  ↳ bin/rails:9
  [1m[36mActiveRecord::InternalMetadata Load (0.3ms)[0m  [1m[34mSELECT  "ar_internal_metadata".* FROM "ar_internal_metadata" WHERE "ar_internal_metadata"."key" = $1 LIMIT $2[0m  [["key", "environment"], ["LIMIT", 1]]
  ↳ bin/rails:9
  [1m[35m (0.2ms)[0m  [1m[35mBEGIN[0m
  ↳ bin/rails:9
  [1m[36mActiveRecord::InternalMetadata Create (0.4ms)[0m  [1m[32mINSERT INTO "ar_internal_metadata" ("key", "value", "created_at", "updated_at") VALUES ($1, $2, $3, $4) RETURNING "key"[0m  [["key", "environment"], ["value", "development"], ["created_at", "2018-12-27 18:26:54.862251"], ["updated_at", "2018-12-27 18:26:54.862251"]]
  ↳ bin/rails:9
  [1m[35m (0.3ms)[0m  [1m[35mCOMMIT[0m
  ↳ bin/rails:9
  [1m[35m (0.2ms)[0m  [1m[34mSELECT pg_advisory_unlock(5627140775524826775)[0m
  ↳ bin/rails:9
  [1m[35m (0.3ms)[0m  [1m[34mSELECT "schema_migrations"."version" FROM "schema_migrations" ORDER BY "schema_migrations"."version" ASC[0m
  ↳ bin/rails:9
  [1m[35m (0.1ms)[0m  [1m[35mBEGIN[0m
  [1m[36mUser Create (1.0ms)[0m  [1m[32mINSERT INTO "users" ("username", "created_at", "updated_at") VALUES ($1, $2, $3) RETURNING "id"[0m  [["username", "Nazgul"], ["created_at", "2018-12-27 18:27:26.135274"], ["updated_at", "2018-12-27 18:27:26.135274"]]
  [1m[35m (0.4ms)[0m  [1m[35mCOMMIT[0m
Started GET "/" for 127.0.0.1 at 2018-12-27 13:27:40 -0500
  [1m[35m (0.8ms)[0m  [1m[34mSELECT "schema_migrations"."version" FROM "schema_migrations" ORDER BY "schema_migrations"."version" ASC[0m
  ↳ /Users/miggle311/.rvm/gems/ruby-2.3.3/gems/activerecord-5.2.2/lib/active_record/log_subscriber.rb:98
Processing by Rails::WelcomeController#index as HTML
  Rendering /Users/miggle311/.rvm/gems/ruby-2.3.3/gems/railties-5.2.2/lib/rails/templates/rails/welcome/index.html.erb
  Rendered /Users/miggle311/.rvm/gems/ruby-2.3.3/gems/railties-5.2.2/lib/rails/templates/rails/welcome/index.html.erb (5.4ms)
Completed 200 OK in 16ms (Views: 13.7ms | ActiveRecord: 0.0ms)


Started GET "/api/v1/users" for 127.0.0.1 at 2018-12-27 13:27:48 -0500
Processing by Api::V1::UsersController#index as HTML
  [1m[36mUser Load (0.6ms)[0m  [1m[34mSELECT "users".* FROM "users"[0m
  ↳ app/controllers/api/v1/users_controller.rb:5
No serializer found for resource: #<User id: 1, username: "Nazgul", created_at: "2018-12-27 18:27:26", updated_at: "2018-12-27 18:27:26">
[active_model_serializers] Rendered ActiveModel::Serializer::CollectionSerializer with User::ActiveRecord_Relation (0.44ms)
Completed 200 OK in 32ms (Views: 22.3ms | ActiveRecord: 6.7ms)


Started GET "/api/v1/users" for 127.0.0.1 at 2018-12-27 13:29:05 -0500
Processing by Api::V1::UsersController#index as HTML
  [1m[36mUser Load (0.3ms)[0m  [1m[34mSELECT "users".* FROM "users"[0m
  ↳ app/controllers/api/v1/users_controller.rb:5
No serializer found for resource: #<User id: 1, username: "Nazgul", created_at: "2018-12-27 18:27:26", updated_at: "2018-12-27 18:27:26">
[active_model_serializers] Rendered ActiveModel::Serializer::CollectionSerializer with User::ActiveRecord_Relation (0.15ms)
Completed 200 OK in 2ms (Views: 1.3ms | ActiveRecord: 0.3ms)


Started GET "/api/v1/users" for 127.0.0.1 at 2018-12-27 13:35:02 -0500
Processing by Api::V1::UsersController#index as */*
  [1m[36mUser Load (0.9ms)[0m  [1m[34mSELECT "users".* FROM "users"[0m
  ↳ app/controllers/api/v1/users_controller.rb:5
No serializer found for resource: #<User id: 1, username: "Nazgul", created_at: "2018-12-27 18:27:26", updated_at: "2018-12-27 18:27:26">
[active_model_serializers] Rendered ActiveModel::Serializer::CollectionSerializer with User::ActiveRecord_Relation (0.25ms)
Completed 200 OK in 7ms (Views: 2.3ms | ActiveRecord: 4.8ms)


Started GET "/api/v1/users" for 127.0.0.1 at 2018-12-27 13:36:30 -0500
Processing by Api::V1::UsersController#index as */*
  [1m[36mUser Load (0.3ms)[0m  [1m[34mSELECT "users".* FROM "users"[0m
  ↳ app/controllers/api/v1/users_controller.rb:5
No serializer found for resource: #<User id: 1, username: "Nazgul", created_at: "2018-12-27 18:27:26", updated_at: "2018-12-27 18:27:26">
[active_model_serializers] Rendered ActiveModel::Serializer::CollectionSerializer with User::ActiveRecord_Relation (0.15ms)
Completed 200 OK in 2ms (Views: 1.3ms | ActiveRecord: 0.3ms)


Started GET "/api/v1/users" for 127.0.0.1 at 2018-12-27 13:37:04 -0500
Processing by Api::V1::UsersController#index as */*
  [1m[36mUser Load (0.2ms)[0m  [1m[34mSELECT "users".* FROM "users"[0m
  ↳ app/controllers/api/v1/users_controller.rb:5
No serializer found for resource: #<User id: 1, username: "Nazgul", created_at: "2018-12-27 18:27:26", updated_at: "2018-12-27 18:27:26">
[active_model_serializers] Rendered ActiveModel::Serializer::CollectionSerializer with User::ActiveRecord_Relation (0.14ms)
Completed 200 OK in 2ms (Views: 1.2ms | ActiveRecord: 0.2ms)


Started GET "/api/v1/users" for 127.0.0.1 at 2018-12-27 13:39:33 -0500
Processing by Api::V1::UsersController#index as */*
  [1m[36mUser Load (0.3ms)[0m  [1m[34mSELECT "users".* FROM "users"[0m
  ↳ app/controllers/api/v1/users_controller.rb:5
No serializer found for resource: #<User id: 1, username: "Nazgul", created_at: "2018-12-27 18:27:26", updated_at: "2018-12-27 18:27:26">
[active_model_serializers] Rendered ActiveModel::Serializer::CollectionSerializer with User::ActiveRecord_Relation (0.24ms)
Completed 200 OK in 2ms (Views: 1.7ms | ActiveRecord: 0.3ms)


Started GET "/api/v1/users" for 127.0.0.1 at 2018-12-27 13:39:48 -0500
Processing by Api::V1::UsersController#index as */*
  [1m[36mUser Load (0.3ms)[0m  [1m[34mSELECT "users".* FROM "users"[0m
  ↳ app/controllers/api/v1/users_controller.rb:5
No serializer found for resource: #<User id: 1, username: "Nazgul", created_at: "2018-12-27 18:27:26", updated_at: "2018-12-27 18:27:26">
[active_model_serializers] Rendered ActiveModel::Serializer::CollectionSerializer with User::ActiveRecord_Relation (0.16ms)
Completed 200 OK in 2ms (Views: 1.4ms | ActiveRecord: 0.3ms)


Started GET "/api/v1/users" for 127.0.0.1 at 2018-12-27 13:40:51 -0500
Processing by Api::V1::UsersController#index as HTML
  [1m[36mUser Load (0.4ms)[0m  [1m[34mSELECT "users".* FROM "users"[0m
  ↳ app/controllers/api/v1/users_controller.rb:5
No serializer found for resource: #<User id: 1, username: "Nazgul", created_at: "2018-12-27 18:27:26", updated_at: "2018-12-27 18:27:26">
[active_model_serializers] Rendered ActiveModel::Serializer::CollectionSerializer with User::ActiveRecord_Relation (0.15ms)
Completed 200 OK in 2ms (Views: 1.5ms | ActiveRecord: 0.4ms)


Started GET "/api/v1/users" for 127.0.0.1 at 2018-12-27 13:40:53 -0500
Processing by Api::V1::UsersController#index as */*
  [1m[36mUser Load (0.3ms)[0m  [1m[34mSELECT "users".* FROM "users"[0m
  ↳ app/controllers/api/v1/users_controller.rb:5
No serializer found for resource: #<User id: 1, username: "Nazgul", created_at: "2018-12-27 18:27:26", updated_at: "2018-12-27 18:27:26">
[active_model_serializers] Rendered ActiveModel::Serializer::CollectionSerializer with User::ActiveRecord_Relation (0.17ms)
Completed 200 OK in 2ms (Views: 1.4ms | ActiveRecord: 0.3ms)


Started GET "/api/v1/users" for 127.0.0.1 at 2018-12-27 13:41:34 -0500
Processing by Api::V1::UsersController#index as */*
  [1m[36mUser Load (0.3ms)[0m  [1m[34mSELECT "users".* FROM "users"[0m
  ↳ app/controllers/api/v1/users_controller.rb:5
No serializer found for resource: #<User id: 1, username: "Nazgul", created_at: "2018-12-27 18:27:26", updated_at: "2018-12-27 18:27:26">
[active_model_serializers] Rendered ActiveModel::Serializer::CollectionSerializer with User::ActiveRecord_Relation (0.15ms)
Completed 200 OK in 2ms (Views: 1.3ms | ActiveRecord: 0.3ms)


Started GET "/api/v1/users" for 127.0.0.1 at 2018-12-27 13:41:44 -0500
Processing by Api::V1::UsersController#index as */*
  [1m[36mUser Load (0.3ms)[0m  [1m[34mSELECT "users".* FROM "users"[0m
  ↳ app/controllers/api/v1/users_controller.rb:5
No serializer found for resource: #<User id: 1, username: "Nazgul", created_at: "2018-12-27 18:27:26", updated_at: "2018-12-27 18:27:26">
[active_model_serializers] Rendered ActiveModel::Serializer::CollectionSerializer with User::ActiveRecord_Relation (0.14ms)
Completed 200 OK in 2ms (Views: 1.3ms | ActiveRecord: 0.3ms)


Started GET "/api/v1/users" for 127.0.0.1 at 2018-12-27 13:42:21 -0500
Processing by Api::V1::UsersController#index as */*
  [1m[36mUser Load (0.3ms)[0m  [1m[34mSELECT "users".* FROM "users"[0m
  ↳ app/controllers/api/v1/users_controller.rb:5
No serializer found for resource: #<User id: 1, username: "Nazgul", created_at: "2018-12-27 18:27:26", updated_at: "2018-12-27 18:27:26">
[active_model_serializers] Rendered ActiveModel::Serializer::CollectionSerializer with User::ActiveRecord_Relation (0.22ms)
Completed 200 OK in 2ms (Views: 1.5ms | ActiveRecord: 0.3ms)


Started GET "/api/v1/users" for 127.0.0.1 at 2018-12-27 14:09:21 -0500
Processing by Api::V1::UsersController#index as */*
  [1m[36mUser Load (0.5ms)[0m  [1m[34mSELECT "users".* FROM "users"[0m
  ↳ app/controllers/api/v1/users_controller.rb:5
No serializer found for resource: #<User id: 1, username: "Nazgul", created_at: "2018-12-27 18:27:26", updated_at: "2018-12-27 18:27:26">
[active_model_serializers] Rendered ActiveModel::Serializer::CollectionSerializer with User::ActiveRecord_Relation (0.16ms)
Completed 200 OK in 6ms (Views: 1.6ms | ActiveRecord: 4.5ms)


Started GET "/api/v1/users" for 127.0.0.1 at 2018-12-27 14:09:52 -0500
Processing by Api::V1::UsersController#index as */*
  [1m[36mUser Load (0.3ms)[0m  [1m[34mSELECT "users".* FROM "users"[0m
  ↳ app/controllers/api/v1/users_controller.rb:5
No serializer found for resource: #<User id: 1, username: "Nazgul", created_at: "2018-12-27 18:27:26", updated_at: "2018-12-27 18:27:26">
[active_model_serializers] Rendered ActiveModel::Serializer::CollectionSerializer with User::ActiveRecord_Relation (0.15ms)
Completed 200 OK in 2ms (Views: 1.2ms | ActiveRecord: 0.3ms)


Started GET "/api/v1/users" for 127.0.0.1 at 2018-12-27 14:12:37 -0500
Processing by Api::V1::UsersController#index as */*
  [1m[36mUser Load (0.3ms)[0m  [1m[34mSELECT "users".* FROM "users"[0m
  ↳ app/controllers/api/v1/users_controller.rb:5
No serializer found for resource: #<User id: 1, username: "Nazgul", created_at: "2018-12-27 18:27:26", updated_at: "2018-12-27 18:27:26">
[active_model_serializers] Rendered ActiveModel::Serializer::CollectionSerializer with User::ActiveRecord_Relation (0.15ms)
Completed 200 OK in 2ms (Views: 1.2ms | ActiveRecord: 0.3ms)


Started GET "/api/v1/users" for 127.0.0.1 at 2018-12-27 14:21:59 -0500
Processing by Api::V1::UsersController#index as */*
  [1m[36mUser Load (0.6ms)[0m  [1m[34mSELECT "users".* FROM "users"[0m
  ↳ app/controllers/api/v1/users_controller.rb:5
No serializer found for resource: #<User id: 1, username: "Nazgul", created_at: "2018-12-27 18:27:26", updated_at: "2018-12-27 18:27:26">
[active_model_serializers] Rendered ActiveModel::Serializer::CollectionSerializer with User::ActiveRecord_Relation (0.16ms)
Completed 200 OK in 6ms (Views: 1.7ms | ActiveRecord: 4.6ms)


Started GET "/api/v1/users" for 127.0.0.1 at 2018-12-27 14:22:14 -0500
Processing by Api::V1::UsersController#index as */*
  [1m[36mUser Load (0.3ms)[0m  [1m[34mSELECT "users".* FROM "users"[0m
  ↳ app/controllers/api/v1/users_controller.rb:5
No serializer found for resource: #<User id: 1, username: "Nazgul", created_at: "2018-12-27 18:27:26", updated_at: "2018-12-27 18:27:26">
[active_model_serializers] Rendered ActiveModel::Serializer::CollectionSerializer with User::ActiveRecord_Relation (0.18ms)
Completed 200 OK in 2ms (Views: 1.3ms | ActiveRecord: 0.3ms)


Started GET "/api/v1/users" for 127.0.0.1 at 2018-12-27 14:24:18 -0500
Processing by Api::V1::UsersController#index as */*
  [1m[36mUser Load (0.3ms)[0m  [1m[34mSELECT "users".* FROM "users"[0m
  ↳ app/controllers/api/v1/users_controller.rb:5
No serializer found for resource: #<User id: 1, username: "Nazgul", created_at: "2018-12-27 18:27:26", updated_at: "2018-12-27 18:27:26">
[active_model_serializers] Rendered ActiveModel::Serializer::CollectionSerializer with User::ActiveRecord_Relation (0.19ms)
Completed 200 OK in 2ms (Views: 1.2ms | ActiveRecord: 0.3ms)


Started GET "/api/v1/users" for 127.0.0.1 at 2018-12-27 14:25:05 -0500
Processing by Api::V1::UsersController#index as */*
  [1m[36mUser Load (0.3ms)[0m  [1m[34mSELECT "users".* FROM "users"[0m
  ↳ app/controllers/api/v1/users_controller.rb:5
No serializer found for resource: #<User id: 1, username: "Nazgul", created_at: "2018-12-27 18:27:26", updated_at: "2018-12-27 18:27:26">
[active_model_serializers] Rendered ActiveModel::Serializer::CollectionSerializer with User::ActiveRecord_Relation (0.21ms)
Completed 200 OK in 2ms (Views: 1.5ms | ActiveRecord: 0.3ms)


Started GET "/api/v1/users" for 127.0.0.1 at 2018-12-27 14:30:11 -0500
Processing by Api::V1::UsersController#index as */*
  [1m[36mUser Load (0.3ms)[0m  [1m[34mSELECT "users".* FROM "users"[0m
  ↳ app/controllers/api/v1/users_controller.rb:5
No serializer found for resource: #<User id: 1, username: "Nazgul", created_at: "2018-12-27 18:27:26", updated_at: "2018-12-27 18:27:26">
[active_model_serializers] Rendered ActiveModel::Serializer::CollectionSerializer with User::ActiveRecord_Relation (0.16ms)
Completed 200 OK in 2ms (Views: 1.3ms | ActiveRecord: 0.3ms)


Started GET "/api/v1/users" for 127.0.0.1 at 2018-12-27 14:32:05 -0500
Processing by Api::V1::UsersController#index as */*
  [1m[36mUser Load (0.3ms)[0m  [1m[34mSELECT "users".* FROM "users"[0m
  ↳ app/controllers/api/v1/users_controller.rb:5
No serializer found for resource: #<User id: 1, username: "Nazgul", created_at: "2018-12-27 18:27:26", updated_at: "2018-12-27 18:27:26">
[active_model_serializers] Rendered ActiveModel::Serializer::CollectionSerializer with User::ActiveRecord_Relation (0.16ms)
Completed 200 OK in 2ms (Views: 1.3ms | ActiveRecord: 0.3ms)


Started GET "/api/v1/users" for 127.0.0.1 at 2018-12-27 14:32:10 -0500
Processing by Api::V1::UsersController#index as */*
  [1m[36mUser Load (0.3ms)[0m  [1m[34mSELECT "users".* FROM "users"[0m
  ↳ app/controllers/api/v1/users_controller.rb:5
No serializer found for resource: #<User id: 1, username: "Nazgul", created_at: "2018-12-27 18:27:26", updated_at: "2018-12-27 18:27:26">
[active_model_serializers] Rendered ActiveModel::Serializer::CollectionSerializer with User::ActiveRecord_Relation (0.16ms)
Completed 200 OK in 2ms (Views: 1.2ms | ActiveRecord: 0.3ms)


Started GET "/api/v1/users" for 127.0.0.1 at 2018-12-27 18:30:37 -0500
  [1m[35m (0.9ms)[0m  [1m[34mSELECT "schema_migrations"."version" FROM "schema_migrations" ORDER BY "schema_migrations"."version" ASC[0m
  ↳ /Users/miggle311/.rvm/gems/ruby-2.3.3/gems/activerecord-5.2.2/lib/active_record/log_subscriber.rb:98
Processing by Api::V1::UsersController#index as HTML
  [1m[36mUser Load (0.6ms)[0m  [1m[34mSELECT "users".* FROM "users"[0m
  ↳ app/controllers/api/v1/users_controller.rb:5
No serializer found for resource: #<User id: 1, username: "Nazgul", created_at: "2018-12-27 18:27:26", updated_at: "2018-12-27 18:27:26">
[active_model_serializers] Rendered ActiveModel::Serializer::CollectionSerializer with User::ActiveRecord_Relation (0.26ms)
Completed 200 OK in 29ms (Views: 19.8ms | ActiveRecord: 6.0ms)


Started GET "/api/v1/users" for 127.0.0.1 at 2018-12-27 18:36:59 -0500
Processing by Api::V1::UsersController#index as */*
  [1m[36mUser Load (0.7ms)[0m  [1m[34mSELECT "users".* FROM "users"[0m
  ↳ app/controllers/api/v1/users_controller.rb:5
No serializer found for resource: #<User id: 1, username: "Nazgul", created_at: "2018-12-27 18:27:26", updated_at: "2018-12-27 18:27:26">
[active_model_serializers] Rendered ActiveModel::Serializer::CollectionSerializer with User::ActiveRecord_Relation (0.18ms)
Completed 200 OK in 7ms (Views: 1.9ms | ActiveRecord: 4.6ms)


Started GET "/api/v1/users" for 127.0.0.1 at 2018-12-27 18:37:22 -0500
Processing by Api::V1::UsersController#index as */*
  [1m[36mUser Load (0.3ms)[0m  [1m[34mSELECT "users".* FROM "users"[0m
  ↳ app/controllers/api/v1/users_controller.rb:5
No serializer found for resource: #<User id: 1, username: "Nazgul", created_at: "2018-12-27 18:27:26", updated_at: "2018-12-27 18:27:26">
[active_model_serializers] Rendered ActiveModel::Serializer::CollectionSerializer with User::ActiveRecord_Relation (0.18ms)
Completed 200 OK in 2ms (Views: 1.4ms | ActiveRecord: 0.3ms)


Started GET "/api/v1/users" for 127.0.0.1 at 2018-12-27 18:37:59 -0500
Processing by Api::V1::UsersController#index as */*
  [1m[36mUser Load (0.3ms)[0m  [1m[34mSELECT "users".* FROM "users"[0m
  ↳ app/controllers/api/v1/users_controller.rb:5
No serializer found for resource: #<User id: 1, username: "Nazgul", created_at: "2018-12-27 18:27:26", updated_at: "2018-12-27 18:27:26">
[active_model_serializers] Rendered ActiveModel::Serializer::CollectionSerializer with User::ActiveRecord_Relation (0.18ms)
Completed 200 OK in 2ms (Views: 1.6ms | ActiveRecord: 0.3ms)


Started GET "/api/v1/users" for 127.0.0.1 at 2018-12-27 18:42:16 -0500
Processing by Api::V1::UsersController#index as */*
  [1m[36mUser Load (0.4ms)[0m  [1m[34mSELECT "users".* FROM "users"[0m
  ↳ app/controllers/api/v1/users_controller.rb:5
No serializer found for resource: #<User id: 1, username: "Nazgul", created_at: "2018-12-27 18:27:26", updated_at: "2018-12-27 18:27:26">
[active_model_serializers] Rendered ActiveModel::Serializer::CollectionSerializer with User::ActiveRecord_Relation (0.32ms)
Completed 200 OK in 2ms (Views: 1.6ms | ActiveRecord: 0.4ms)


Started GET "/api/v1/users" for 127.0.0.1 at 2018-12-27 18:46:30 -0500
Processing by Api::V1::UsersController#index as */*
  [1m[36mUser Load (0.3ms)[0m  [1m[34mSELECT "users".* FROM "users"[0m
  ↳ app/controllers/api/v1/users_controller.rb:5
No serializer found for resource: #<User id: 1, username: "Nazgul", created_at: "2018-12-27 18:27:26", updated_at: "2018-12-27 18:27:26">
[active_model_serializers] Rendered ActiveModel::Serializer::CollectionSerializer with User::ActiveRecord_Relation (0.14ms)
Completed 200 OK in 2ms (Views: 1.3ms | ActiveRecord: 0.3ms)


Started GET "/api/v1/users" for 127.0.0.1 at 2018-12-27 18:58:13 -0500
Processing by Api::V1::UsersController#index as */*
  [1m[36mUser Load (0.6ms)[0m  [1m[34mSELECT "users".* FROM "users"[0m
  ↳ app/controllers/api/v1/users_controller.rb:5
No serializer found for resource: #<User id: 1, username: "Nazgul", created_at: "2018-12-27 18:27:26", updated_at: "2018-12-27 18:27:26">
[active_model_serializers] Rendered ActiveModel::Serializer::CollectionSerializer with User::ActiveRecord_Relation (0.15ms)
Completed 200 OK in 6ms (Views: 1.7ms | ActiveRecord: 4.1ms)


Started GET "/api/v1/users" for 127.0.0.1 at 2018-12-27 18:58:47 -0500
Processing by Api::V1::UsersController#index as */*
  [1m[36mUser Load (0.3ms)[0m  [1m[34mSELECT "users".* FROM "users"[0m
  ↳ app/controllers/api/v1/users_controller.rb:5
No serializer found for resource: #<User id: 1, username: "Nazgul", created_at: "2018-12-27 18:27:26", updated_at: "2018-12-27 18:27:26">
[active_model_serializers] Rendered ActiveModel::Serializer::CollectionSerializer with User::ActiveRecord_Relation (0.24ms)
Completed 200 OK in 2ms (Views: 1.4ms | ActiveRecord: 0.3ms)


Started GET "/api/v1/users" for 127.0.0.1 at 2018-12-27 19:01:29 -0500
Processing by Api::V1::UsersController#index as */*
  [1m[36mUser Load (0.2ms)[0m  [1m[34mSELECT "users".* FROM "users"[0m
  ↳ app/controllers/api/v1/users_controller.rb:5
No serializer found for resource: #<User id: 1, username: "Nazgul", created_at: "2018-12-27 18:27:26", updated_at: "2018-12-27 18:27:26">
[active_model_serializers] Rendered ActiveModel::Serializer::CollectionSerializer with User::ActiveRecord_Relation (0.15ms)
Completed 200 OK in 2ms (Views: 1.3ms | ActiveRecord: 0.2ms)


Started GET "/api/v1/users" for 127.0.0.1 at 2018-12-27 19:01:56 -0500
Processing by Api::V1::UsersController#index as */*
  [1m[36mUser Load (0.2ms)[0m  [1m[34mSELECT "users".* FROM "users"[0m
  ↳ app/controllers/api/v1/users_controller.rb:5
No serializer found for resource: #<User id: 1, username: "Nazgul", created_at: "2018-12-27 18:27:26", updated_at: "2018-12-27 18:27:26">
[active_model_serializers] Rendered ActiveModel::Serializer::CollectionSerializer with User::ActiveRecord_Relation (0.14ms)
Completed 200 OK in 2ms (Views: 1.1ms | ActiveRecord: 0.2ms)


Started GET "/api/v1/users" for 127.0.0.1 at 2018-12-27 19:02:33 -0500
Processing by Api::V1::UsersController#index as */*
  [1m[36mUser Load (0.3ms)[0m  [1m[34mSELECT "users".* FROM "users"[0m
  ↳ app/controllers/api/v1/users_controller.rb:5
No serializer found for resource: #<User id: 1, username: "Nazgul", created_at: "2018-12-27 18:27:26", updated_at: "2018-12-27 18:27:26">
[active_model_serializers] Rendered ActiveModel::Serializer::CollectionSerializer with User::ActiveRecord_Relation (0.22ms)
Completed 200 OK in 2ms (Views: 1.2ms | ActiveRecord: 0.3ms)


Started GET "/api/v1/users" for 127.0.0.1 at 2018-12-27 19:04:05 -0500
Processing by Api::V1::UsersController#index as */*
  [1m[36mUser Load (0.3ms)[0m  [1m[34mSELECT "users".* FROM "users"[0m
  ↳ app/controllers/api/v1/users_controller.rb:5
No serializer found for resource: #<User id: 1, username: "Nazgul", created_at: "2018-12-27 18:27:26", updated_at: "2018-12-27 18:27:26">
[active_model_serializers] Rendered ActiveModel::Serializer::CollectionSerializer with User::ActiveRecord_Relation (0.27ms)
Completed 200 OK in 2ms (Views: 1.5ms | ActiveRecord: 0.3ms)


Started GET "/api/v1/users" for 127.0.0.1 at 2018-12-27 19:09:57 -0500
Processing by Api::V1::UsersController#index as */*
  [1m[36mUser Load (0.6ms)[0m  [1m[34mSELECT "users".* FROM "users"[0m
  ↳ app/controllers/api/v1/users_controller.rb:5
No serializer found for resource: #<User id: 1, username: "Nazgul", created_at: "2018-12-27 18:27:26", updated_at: "2018-12-27 18:27:26">
[active_model_serializers] Rendered ActiveModel::Serializer::CollectionSerializer with User::ActiveRecord_Relation (0.16ms)
Completed 200 OK in 6ms (Views: 1.5ms | ActiveRecord: 4.0ms)


Started GET "/api/v1/users" for 127.0.0.1 at 2018-12-27 19:11:22 -0500
Processing by Api::V1::UsersController#index as */*
  [1m[36mUser Load (0.3ms)[0m  [1m[34mSELECT "users".* FROM "users"[0m
  ↳ app/controllers/api/v1/users_controller.rb:5
No serializer found for resource: #<User id: 1, username: "Nazgul", created_at: "2018-12-27 18:27:26", updated_at: "2018-12-27 18:27:26">
[active_model_serializers] Rendered ActiveModel::Serializer::CollectionSerializer with User::ActiveRecord_Relation (0.13ms)
Completed 200 OK in 2ms (Views: 1.1ms | ActiveRecord: 0.3ms)


Started GET "/api/v1/users" for 127.0.0.1 at 2018-12-27 19:19:10 -0500
Processing by Api::V1::UsersController#index as */*
  [1m[36mUser Load (0.7ms)[0m  [1m[34mSELECT "users".* FROM "users"[0m
  ↳ app/controllers/api/v1/users_controller.rb:5
No serializer found for resource: #<User id: 1, username: "Nazgul", created_at: "2018-12-27 18:27:26", updated_at: "2018-12-27 18:27:26">
[active_model_serializers] Rendered ActiveModel::Serializer::CollectionSerializer with User::ActiveRecord_Relation (0.22ms)
Completed 200 OK in 7ms (Views: 1.9ms | ActiveRecord: 4.7ms)


Started GET "/api/v1/users" for 127.0.0.1 at 2018-12-27 19:19:45 -0500
Processing by Api::V1::UsersController#index as */*
  [1m[36mUser Load (0.3ms)[0m  [1m[34mSELECT "users".* FROM "users"[0m
  ↳ app/controllers/api/v1/users_controller.rb:5
No serializer found for resource: #<User id: 1, username: "Nazgul", created_at: "2018-12-27 18:27:26", updated_at: "2018-12-27 18:27:26">
[active_model_serializers] Rendered ActiveModel::Serializer::CollectionSerializer with User::ActiveRecord_Relation (0.22ms)
Completed 200 OK in 2ms (Views: 1.4ms | ActiveRecord: 0.3ms)


Started GET "/api/v1/users" for 127.0.0.1 at 2018-12-27 19:20:13 -0500
Processing by Api::V1::UsersController#index as */*
  [1m[36mUser Load (0.2ms)[0m  [1m[34mSELECT "users".* FROM "users"[0m
  ↳ app/controllers/api/v1/users_controller.rb:5
No serializer found for resource: #<User id: 1, username: "Nazgul", created_at: "2018-12-27 18:27:26", updated_at: "2018-12-27 18:27:26">
[active_model_serializers] Rendered ActiveModel::Serializer::CollectionSerializer with User::ActiveRecord_Relation (0.15ms)
Completed 200 OK in 2ms (Views: 1.3ms | ActiveRecord: 0.2ms)


Started GET "/api/v1/users" for 127.0.0.1 at 2018-12-29 15:24:30 -0500
Started GET "/api/v1/users" for 127.0.0.1 at 2018-12-29 15:24:31 -0500
  [1m[35m (1.3ms)[0m  [1m[34mSELECT "schema_migrations"."version" FROM "schema_migrations" ORDER BY "schema_migrations"."version" ASC[0m
  [1m[35m (1.4ms)[0m  [1m[34mSELECT "schema_migrations"."version" FROM "schema_migrations" ORDER BY "schema_migrations"."version" ASC[0m
  ↳ /Users/miggle311/.rvm/gems/ruby-2.3.3/gems/activerecord-5.2.2/lib/active_record/log_subscriber.rb:98
  ↳ /Users/miggle311/.rvm/gems/ruby-2.3.3/gems/activerecord-5.2.2/lib/active_record/log_subscriber.rb:98
Processing by Api::V1::UsersController#index as */*
Processing by Api::V1::UsersController#index as */*
  [1m[36mUser Load (1.1ms)[0m  [1m[34mSELECT "users".* FROM "users"[0m
  ↳ app/controllers/api/v1/users_controller.rb:5
  [1m[36mUser Load (1.1ms)[0m  [1m[34mSELECT "users".* FROM "users"[0m
  ↳ app/controllers/api/v1/users_controller.rb:5
No serializer found for resource: #<User id: 1, username: "Nazgul", created_at: "2018-12-27 18:27:26", updated_at: "2018-12-27 18:27:26">
No serializer found for resource: #<User id: 1, username: "Nazgul", created_at: "2018-12-27 18:27:26", updated_at: "2018-12-27 18:27:26">
[active_model_serializers] Rendered ActiveModel::Serializer::CollectionSerializer with User::ActiveRecord_Relation (0.31ms)
[active_model_serializers] Rendered ActiveModel::Serializer::CollectionSerializer with User::ActiveRecord_Relation (0.16ms)
Completed 200 OK in 74ms (Views: 61.1ms | ActiveRecord: 8.6ms)


Completed 200 OK in 74ms (Views: 3.3ms | ActiveRecord: 63.8ms)


Started GET "/api/v1/users" for 127.0.0.1 at 2018-12-29 15:24:31 -0500
Processing by Api::V1::UsersController#index as */*
  [1m[36mUser Load (0.3ms)[0m  [1m[34mSELECT "users".* FROM "users"[0m
  ↳ app/controllers/api/v1/users_controller.rb:5
No serializer found for resource: #<User id: 1, username: "Nazgul", created_at: "2018-12-27 18:27:26", updated_at: "2018-12-27 18:27:26">
[active_model_serializers] Rendered ActiveModel::Serializer::CollectionSerializer with User::ActiveRecord_Relation (0.22ms)
Completed 200 OK in 2ms (Views: 1.4ms | ActiveRecord: 0.3ms)


Started GET "/api/v1/users" for 127.0.0.1 at 2018-12-29 15:25:16 -0500
Processing by Api::V1::UsersController#index as */*
  [1m[36mUser Load (0.5ms)[0m  [1m[34mSELECT "users".* FROM "users"[0m
  ↳ app/controllers/api/v1/users_controller.rb:5
No serializer found for resource: #<User id: 1, username: "Nazgul", created_at: "2018-12-27 18:27:26", updated_at: "2018-12-27 18:27:26">
[active_model_serializers] Rendered ActiveModel::Serializer::CollectionSerializer with User::ActiveRecord_Relation (0.23ms)
Completed 200 OK in 3ms (Views: 2.1ms | ActiveRecord: 0.5ms)


Started GET "/api/v1/users" for 127.0.0.1 at 2018-12-29 15:26:09 -0500
Processing by Api::V1::UsersController#index as */*
  [1m[36mUser Load (0.3ms)[0m  [1m[34mSELECT "users".* FROM "users"[0m
  ↳ app/controllers/api/v1/users_controller.rb:5
No serializer found for resource: #<User id: 1, username: "Nazgul", created_at: "2018-12-27 18:27:26", updated_at: "2018-12-27 18:27:26">
[active_model_serializers] Rendered ActiveModel::Serializer::CollectionSerializer with User::ActiveRecord_Relation (0.18ms)
Completed 200 OK in 2ms (Views: 1.3ms | ActiveRecord: 0.3ms)


Started GET "/api/v1/users" for 127.0.0.1 at 2018-12-29 22:02:39 -0500
  [1m[35m (0.7ms)[0m  [1m[34mSELECT "schema_migrations"."version" FROM "schema_migrations" ORDER BY "schema_migrations"."version" ASC[0m
  ↳ /Users/miggle311/.rvm/gems/ruby-2.3.3/gems/activerecord-5.2.2/lib/active_record/log_subscriber.rb:98
Processing by Api::V1::UsersController#index as */*
  [1m[36mUser Load (0.6ms)[0m  [1m[34mSELECT "users".* FROM "users"[0m
  ↳ app/controllers/api/v1/users_controller.rb:5
No serializer found for resource: #<User id: 1, username: "Nazgul", created_at: "2018-12-27 18:27:26", updated_at: "2018-12-27 18:27:26">
[active_model_serializers] Rendered ActiveModel::Serializer::CollectionSerializer with User::ActiveRecord_Relation (0.34ms)
Completed 200 OK in 22ms (Views: 14.0ms | ActiveRecord: 5.8ms)


Started GET "/api/v1/users" for 127.0.0.1 at 2018-12-29 22:13:10 -0500
Processing by Api::V1::UsersController#index as */*
  [1m[36mUser Load (0.6ms)[0m  [1m[34mSELECT "users".* FROM "users"[0m
  ↳ app/controllers/api/v1/users_controller.rb:5
No serializer found for resource: #<User id: 1, username: "Nazgul", created_at: "2018-12-27 18:27:26", updated_at: "2018-12-27 18:27:26">
[active_model_serializers] Rendered ActiveModel::Serializer::CollectionSerializer with User::ActiveRecord_Relation (0.18ms)
Completed 200 OK in 6ms (Views: 1.9ms | ActiveRecord: 4.2ms)


Started GET "/api/v1/users" for 127.0.0.1 at 2018-12-29 22:13:48 -0500
Processing by Api::V1::UsersController#index as */*
  [1m[36mUser Load (0.3ms)[0m  [1m[34mSELECT "users".* FROM "users"[0m
  ↳ app/controllers/api/v1/users_controller.rb:5
No serializer found for resource: #<User id: 1, username: "Nazgul", created_at: "2018-12-27 18:27:26", updated_at: "2018-12-27 18:27:26">
[active_model_serializers] Rendered ActiveModel::Serializer::CollectionSerializer with User::ActiveRecord_Relation (0.21ms)
Completed 200 OK in 2ms (Views: 1.5ms | ActiveRecord: 0.3ms)


Started GET "/api/v1/users" for 127.0.0.1 at 2018-12-29 22:14:10 -0500
Processing by Api::V1::UsersController#index as */*
  [1m[36mUser Load (0.3ms)[0m  [1m[34mSELECT "users".* FROM "users"[0m
  ↳ app/controllers/api/v1/users_controller.rb:5
No serializer found for resource: #<User id: 1, username: "Nazgul", created_at: "2018-12-27 18:27:26", updated_at: "2018-12-27 18:27:26">
[active_model_serializers] Rendered ActiveModel::Serializer::CollectionSerializer with User::ActiveRecord_Relation (0.2ms)
Completed 200 OK in 2ms (Views: 1.5ms | ActiveRecord: 0.3ms)


Started GET "/api/v1/users" for 127.0.0.1 at 2018-12-29 22:15:48 -0500
Processing by Api::V1::UsersController#index as */*
  [1m[36mUser Load (0.4ms)[0m  [1m[34mSELECT "users".* FROM "users"[0m
  ↳ app/controllers/api/v1/users_controller.rb:5
No serializer found for resource: #<User id: 1, username: "Nazgul", created_at: "2018-12-27 18:27:26", updated_at: "2018-12-27 18:27:26">
[active_model_serializers] Rendered ActiveModel::Serializer::CollectionSerializer with User::ActiveRecord_Relation (0.16ms)
Completed 200 OK in 2ms (Views: 1.3ms | ActiveRecord: 0.4ms)


Started GET "/api/v1/users" for 127.0.0.1 at 2018-12-29 22:16:27 -0500
Processing by Api::V1::UsersController#index as */*
  [1m[36mUser Load (0.3ms)[0m  [1m[34mSELECT "users".* FROM "users"[0m
  ↳ app/controllers/api/v1/users_controller.rb:5
No serializer found for resource: #<User id: 1, username: "Nazgul", created_at: "2018-12-27 18:27:26", updated_at: "2018-12-27 18:27:26">
[active_model_serializers] Rendered ActiveModel::Serializer::CollectionSerializer with User::ActiveRecord_Relation (0.18ms)
Completed 200 OK in 2ms (Views: 1.6ms | ActiveRecord: 0.3ms)


Started GET "/api/v1/users" for 127.0.0.1 at 2018-12-29 22:29:06 -0500
Processing by Api::V1::UsersController#index as */*
  [1m[36mUser Load (0.6ms)[0m  [1m[34mSELECT "users".* FROM "users"[0m
  ↳ app/controllers/api/v1/users_controller.rb:5
No serializer found for resource: #<User id: 1, username: "Nazgul", created_at: "2018-12-27 18:27:26", updated_at: "2018-12-27 18:27:26">
[active_model_serializers] Rendered ActiveModel::Serializer::CollectionSerializer with User::ActiveRecord_Relation (0.16ms)
Completed 200 OK in 6ms (Views: 1.6ms | ActiveRecord: 4.1ms)


Started GET "/api/v1/users" for 127.0.0.1 at 2018-12-29 22:34:32 -0500
Processing by Api::V1::UsersController#index as */*
  [1m[36mUser Load (0.3ms)[0m  [1m[34mSELECT "users".* FROM "users"[0m
  ↳ app/controllers/api/v1/users_controller.rb:5
No serializer found for resource: #<User id: 1, username: "Nazgul", created_at: "2018-12-27 18:27:26", updated_at: "2018-12-27 18:27:26">
[active_model_serializers] Rendered ActiveModel::Serializer::CollectionSerializer with User::ActiveRecord_Relation (0.16ms)
Completed 200 OK in 2ms (Views: 1.2ms | ActiveRecord: 0.3ms)


Started GET "/api/v1/users" for 127.0.0.1 at 2018-12-29 22:37:10 -0500
Processing by Api::V1::UsersController#index as */*
  [1m[36mUser Load (0.3ms)[0m  [1m[34mSELECT "users".* FROM "users"[0m
  ↳ app/controllers/api/v1/users_controller.rb:5
No serializer found for resource: #<User id: 1, username: "Nazgul", created_at: "2018-12-27 18:27:26", updated_at: "2018-12-27 18:27:26">
[active_model_serializers] Rendered ActiveModel::Serializer::CollectionSerializer with User::ActiveRecord_Relation (0.15ms)
Completed 200 OK in 2ms (Views: 1.4ms | ActiveRecord: 0.3ms)


Started GET "/api/v1/users" for 127.0.0.1 at 2018-12-29 22:38:23 -0500
Processing by Api::V1::UsersController#index as */*
  [1m[36mUser Load (0.3ms)[0m  [1m[34mSELECT "users".* FROM "users"[0m
  ↳ app/controllers/api/v1/users_controller.rb:5
No serializer found for resource: #<User id: 1, username: "Nazgul", created_at: "2018-12-27 18:27:26", updated_at: "2018-12-27 18:27:26">
[active_model_serializers] Rendered ActiveModel::Serializer::CollectionSerializer with User::ActiveRecord_Relation (0.15ms)
Completed 200 OK in 2ms (Views: 1.3ms | ActiveRecord: 0.3ms)


Started GET "/api/v1/users" for 127.0.0.1 at 2018-12-29 22:38:48 -0500
Processing by Api::V1::UsersController#index as */*
  [1m[36mUser Load (0.2ms)[0m  [1m[34mSELECT "users".* FROM "users"[0m
  ↳ app/controllers/api/v1/users_controller.rb:5
No serializer found for resource: #<User id: 1, username: "Nazgul", created_at: "2018-12-27 18:27:26", updated_at: "2018-12-27 18:27:26">
[active_model_serializers] Rendered ActiveModel::Serializer::CollectionSerializer with User::ActiveRecord_Relation (0.15ms)
Completed 200 OK in 2ms (Views: 1.2ms | ActiveRecord: 0.2ms)


Started GET "/api/v1/users" for 127.0.0.1 at 2018-12-29 22:40:21 -0500
Processing by Api::V1::UsersController#index as */*
  [1m[36mUser Load (0.3ms)[0m  [1m[34mSELECT "users".* FROM "users"[0m
  ↳ app/controllers/api/v1/users_controller.rb:5
No serializer found for resource: #<User id: 1, username: "Nazgul", created_at: "2018-12-27 18:27:26", updated_at: "2018-12-27 18:27:26">
[active_model_serializers] Rendered ActiveModel::Serializer::CollectionSerializer with User::ActiveRecord_Relation (0.16ms)
Completed 200 OK in 2ms (Views: 1.4ms | ActiveRecord: 0.3ms)


Started GET "/api/v1/users" for 127.0.0.1 at 2018-12-29 22:46:06 -0500
Processing by Api::V1::UsersController#index as */*
  [1m[36mUser Load (0.5ms)[0m  [1m[34mSELECT "users".* FROM "users"[0m
  ↳ app/controllers/api/v1/users_controller.rb:5
No serializer found for resource: #<User id: 1, username: "Nazgul", created_at: "2018-12-27 18:27:26", updated_at: "2018-12-27 18:27:26">
[active_model_serializers] Rendered ActiveModel::Serializer::CollectionSerializer with User::ActiveRecord_Relation (0.15ms)
Completed 200 OK in 6ms (Views: 1.5ms | ActiveRecord: 3.9ms)


Started GET "/api/v1/users" for 127.0.0.1 at 2018-12-29 22:46:40 -0500
Processing by Api::V1::UsersController#index as */*
  [1m[36mUser Load (0.3ms)[0m  [1m[34mSELECT "users".* FROM "users"[0m
  ↳ app/controllers/api/v1/users_controller.rb:5
No serializer found for resource: #<User id: 1, username: "Nazgul", created_at: "2018-12-27 18:27:26", updated_at: "2018-12-27 18:27:26">
[active_model_serializers] Rendered ActiveModel::Serializer::CollectionSerializer with User::ActiveRecord_Relation (0.16ms)
Completed 200 OK in 2ms (Views: 1.3ms | ActiveRecord: 0.3ms)


Started GET "/api/v1/users" for 127.0.0.1 at 2018-12-29 22:47:58 -0500
Processing by Api::V1::UsersController#index as */*
  [1m[36mUser Load (0.3ms)[0m  [1m[34mSELECT "users".* FROM "users"[0m
  ↳ app/controllers/api/v1/users_controller.rb:5
No serializer found for resource: #<User id: 1, username: "Nazgul", created_at: "2018-12-27 18:27:26", updated_at: "2018-12-27 18:27:26">
[active_model_serializers] Rendered ActiveModel::Serializer::CollectionSerializer with User::ActiveRecord_Relation (0.16ms)
Completed 200 OK in 2ms (Views: 1.3ms | ActiveRecord: 0.3ms)


Started GET "/api/v1/users" for 127.0.0.1 at 2018-12-29 22:51:25 -0500
Processing by Api::V1::UsersController#index as */*
  [1m[36mUser Load (0.3ms)[0m  [1m[34mSELECT "users".* FROM "users"[0m
  ↳ app/controllers/api/v1/users_controller.rb:5
No serializer found for resource: #<User id: 1, username: "Nazgul", created_at: "2018-12-27 18:27:26", updated_at: "2018-12-27 18:27:26">
[active_model_serializers] Rendered ActiveModel::Serializer::CollectionSerializer with User::ActiveRecord_Relation (0.16ms)
Completed 200 OK in 2ms (Views: 1.4ms | ActiveRecord: 0.3ms)


Started GET "/api/v1/users" for 127.0.0.1 at 2018-12-29 22:52:06 -0500
Processing by Api::V1::UsersController#index as */*
  [1m[36mUser Load (0.3ms)[0m  [1m[34mSELECT "users".* FROM "users"[0m
  ↳ app/controllers/api/v1/users_controller.rb:5
No serializer found for resource: #<User id: 1, username: "Nazgul", created_at: "2018-12-27 18:27:26", updated_at: "2018-12-27 18:27:26">
[active_model_serializers] Rendered ActiveModel::Serializer::CollectionSerializer with User::ActiveRecord_Relation (0.2ms)
Completed 200 OK in 2ms (Views: 1.2ms | ActiveRecord: 0.3ms)


Started GET "/api/v1/users" for 127.0.0.1 at 2018-12-29 22:53:24 -0500
Processing by Api::V1::UsersController#index as */*
  [1m[36mUser Load (0.2ms)[0m  [1m[34mSELECT "users".* FROM "users"[0m
  ↳ app/controllers/api/v1/users_controller.rb:5
No serializer found for resource: #<User id: 1, username: "Nazgul", created_at: "2018-12-27 18:27:26", updated_at: "2018-12-27 18:27:26">
[active_model_serializers] Rendered ActiveModel::Serializer::CollectionSerializer with User::ActiveRecord_Relation (0.18ms)
Completed 200 OK in 2ms (Views: 1.2ms | ActiveRecord: 0.2ms)


Started GET "/api/v1/users" for 127.0.0.1 at 2018-12-29 22:53:46 -0500
Processing by Api::V1::UsersController#index as */*
  [1m[36mUser Load (0.3ms)[0m  [1m[34mSELECT "users".* FROM "users"[0m
  ↳ app/controllers/api/v1/users_controller.rb:5
No serializer found for resource: #<User id: 1, username: "Nazgul", created_at: "2018-12-27 18:27:26", updated_at: "2018-12-27 18:27:26">
[active_model_serializers] Rendered ActiveModel::Serializer::CollectionSerializer with User::ActiveRecord_Relation (0.15ms)
Completed 200 OK in 2ms (Views: 1.3ms | ActiveRecord: 0.3ms)


Started GET "/api/v1/users" for 127.0.0.1 at 2018-12-29 22:55:45 -0500
Processing by Api::V1::UsersController#index as */*
  [1m[36mUser Load (0.3ms)[0m  [1m[34mSELECT "users".* FROM "users"[0m
  ↳ app/controllers/api/v1/users_controller.rb:5
No serializer found for resource: #<User id: 1, username: "Nazgul", created_at: "2018-12-27 18:27:26", updated_at: "2018-12-27 18:27:26">
[active_model_serializers] Rendered ActiveModel::Serializer::CollectionSerializer with User::ActiveRecord_Relation (0.2ms)
Completed 200 OK in 2ms (Views: 1.3ms | ActiveRecord: 0.3ms)


Started GET "/api/v1/users" for 127.0.0.1 at 2018-12-31 09:29:19 -0500
  [1m[35m (2.2ms)[0m  [1m[34mSELECT "schema_migrations"."version" FROM "schema_migrations" ORDER BY "schema_migrations"."version" ASC[0m
  ↳ /Users/miggle311/.rvm/gems/ruby-2.3.3/gems/activerecord-5.2.2/lib/active_record/log_subscriber.rb:98
Processing by Api::V1::UsersController#index as */*
  [1m[36mUser Load (2.5ms)[0m  [1m[34mSELECT "users".* FROM "users"[0m
  ↳ app/controllers/api/v1/users_controller.rb:5
No serializer found for resource: #<User id: 1, username: "Nazgul", created_at: "2018-12-27 18:27:26", updated_at: "2018-12-27 18:27:26">
[active_model_serializers] Rendered ActiveModel::Serializer::CollectionSerializer with User::ActiveRecord_Relation (0.28ms)
Completed 200 OK in 117ms (Views: 61.2ms | ActiveRecord: 12.7ms)


Started GET "/api/v1/users" for 127.0.0.1 at 2018-12-31 09:29:34 -0500
Processing by Api::V1::UsersController#index as */*
  [1m[36mUser Load (0.3ms)[0m  [1m[34mSELECT "users".* FROM "users"[0m
  ↳ app/controllers/api/v1/users_controller.rb:5
No serializer found for resource: #<User id: 1, username: "Nazgul", created_at: "2018-12-27 18:27:26", updated_at: "2018-12-27 18:27:26">
[active_model_serializers] Rendered ActiveModel::Serializer::CollectionSerializer with User::ActiveRecord_Relation (0.21ms)
Completed 200 OK in 2ms (Views: 1.5ms | ActiveRecord: 0.3ms)


Started GET "/api/v1/users" for 127.0.0.1 at 2018-12-31 09:29:52 -0500
Processing by Api::V1::UsersController#index as */*
  [1m[36mUser Load (0.3ms)[0m  [1m[34mSELECT "users".* FROM "users"[0m
  ↳ app/controllers/api/v1/users_controller.rb:5
No serializer found for resource: #<User id: 1, username: "Nazgul", created_at: "2018-12-27 18:27:26", updated_at: "2018-12-27 18:27:26">
[active_model_serializers] Rendered ActiveModel::Serializer::CollectionSerializer with User::ActiveRecord_Relation (0.17ms)
Completed 200 OK in 2ms (Views: 1.3ms | ActiveRecord: 0.3ms)


Started GET "/api/v1/users" for 127.0.0.1 at 2018-12-31 09:29:52 -0500
Processing by Api::V1::UsersController#index as */*
  [1m[36mUser Load (0.3ms)[0m  [1m[34mSELECT "users".* FROM "users"[0m
  ↳ app/controllers/api/v1/users_controller.rb:5
No serializer found for resource: #<User id: 1, username: "Nazgul", created_at: "2018-12-27 18:27:26", updated_at: "2018-12-27 18:27:26">
[active_model_serializers] Rendered ActiveModel::Serializer::CollectionSerializer with User::ActiveRecord_Relation (0.21ms)
Completed 200 OK in 2ms (Views: 1.3ms | ActiveRecord: 0.3ms)


Started GET "/api/v1/users" for 127.0.0.1 at 2018-12-31 09:30:26 -0500
Processing by Api::V1::UsersController#index as */*
  [1m[36mUser Load (0.3ms)[0m  [1m[34mSELECT "users".* FROM "users"[0m
  ↳ app/controllers/api/v1/users_controller.rb:5
No serializer found for resource: #<User id: 1, username: "Nazgul", created_at: "2018-12-27 18:27:26", updated_at: "2018-12-27 18:27:26">
[active_model_serializers] Rendered ActiveModel::Serializer::CollectionSerializer with User::ActiveRecord_Relation (0.21ms)
Completed 200 OK in 2ms (Views: 1.4ms | ActiveRecord: 0.3ms)


Started GET "/api/v1/users" for 127.0.0.1 at 2018-12-31 09:38:00 -0500
Processing by Api::V1::UsersController#index as */*
  [1m[36mUser Load (0.7ms)[0m  [1m[34mSELECT "users".* FROM "users"[0m
  ↳ app/controllers/api/v1/users_controller.rb:5
No serializer found for resource: #<User id: 1, username: "Nazgul", created_at: "2018-12-27 18:27:26", updated_at: "2018-12-27 18:27:26">
[active_model_serializers] Rendered ActiveModel::Serializer::CollectionSerializer with User::ActiveRecord_Relation (0.17ms)
Completed 200 OK in 6ms (Views: 1.7ms | ActiveRecord: 4.6ms)


Started GET "/api/v1/users" for 127.0.0.1 at 2018-12-31 09:38:00 -0500
Processing by Api::V1::UsersController#index as */*
  [1m[36mUser Load (0.3ms)[0m  [1m[34mSELECT "users".* FROM "users"[0m
  ↳ app/controllers/api/v1/users_controller.rb:5
No serializer found for resource: #<User id: 1, username: "Nazgul", created_at: "2018-12-27 18:27:26", updated_at: "2018-12-27 18:27:26">
[active_model_serializers] Rendered ActiveModel::Serializer::CollectionSerializer with User::ActiveRecord_Relation (0.21ms)
Completed 200 OK in 3ms (Views: 2.2ms | ActiveRecord: 0.3ms)


Started GET "/api/v1/users" for 127.0.0.1 at 2018-12-31 09:38:22 -0500
Processing by Api::V1::UsersController#index as */*
  [1m[36mUser Load (0.2ms)[0m  [1m[34mSELECT "users".* FROM "users"[0m
  ↳ app/controllers/api/v1/users_controller.rb:5
No serializer found for resource: #<User id: 1, username: "Nazgul", created_at: "2018-12-27 18:27:26", updated_at: "2018-12-27 18:27:26">
[active_model_serializers] Rendered ActiveModel::Serializer::CollectionSerializer with User::ActiveRecord_Relation (0.13ms)
Completed 200 OK in 2ms (Views: 1.2ms | ActiveRecord: 0.2ms)


Started GET "/api/v1/users" for 127.0.0.1 at 2018-12-31 09:42:00 -0500
Processing by Api::V1::UsersController#index as */*
  [1m[36mUser Load (0.3ms)[0m  [1m[34mSELECT "users".* FROM "users"[0m
  ↳ app/controllers/api/v1/users_controller.rb:5
No serializer found for resource: #<User id: 1, username: "Nazgul", created_at: "2018-12-27 18:27:26", updated_at: "2018-12-27 18:27:26">
[active_model_serializers] Rendered ActiveModel::Serializer::CollectionSerializer with User::ActiveRecord_Relation (0.2ms)
Completed 200 OK in 2ms (Views: 1.4ms | ActiveRecord: 0.3ms)


Started GET "/api/v1/users" for 127.0.0.1 at 2018-12-31 09:42:53 -0500
Processing by Api::V1::UsersController#index as */*
  [1m[36mUser Load (0.3ms)[0m  [1m[34mSELECT "users".* FROM "users"[0m
  ↳ app/controllers/api/v1/users_controller.rb:5
No serializer found for resource: #<User id: 1, username: "Nazgul", created_at: "2018-12-27 18:27:26", updated_at: "2018-12-27 18:27:26">
[active_model_serializers] Rendered ActiveModel::Serializer::CollectionSerializer with User::ActiveRecord_Relation (0.2ms)
Completed 200 OK in 2ms (Views: 1.2ms | ActiveRecord: 0.3ms)


Started GET "/api/v1/users" for 127.0.0.1 at 2018-12-31 09:43:12 -0500
Processing by Api::V1::UsersController#index as HTML
  [1m[36mUser Load (0.4ms)[0m  [1m[34mSELECT "users".* FROM "users"[0m
  ↳ app/controllers/api/v1/users_controller.rb:5
No serializer found for resource: #<User id: 1, username: "Nazgul", created_at: "2018-12-27 18:27:26", updated_at: "2018-12-27 18:27:26">
[active_model_serializers] Rendered ActiveModel::Serializer::CollectionSerializer with User::ActiveRecord_Relation (0.28ms)
Completed 200 OK in 3ms (Views: 2.1ms | ActiveRecord: 0.4ms)


Started GET "/api/v1/users" for 127.0.0.1 at 2018-12-31 09:44:46 -0500
Processing by Api::V1::UsersController#index as HTML
  [1m[36mUser Load (0.3ms)[0m  [1m[34mSELECT "users".* FROM "users"[0m
  ↳ app/controllers/api/v1/users_controller.rb:5
No serializer found for resource: #<User id: 1, username: "Nazgul", created_at: "2018-12-27 18:27:26", updated_at: "2018-12-27 18:27:26">
[active_model_serializers] Rendered ActiveModel::Serializer::CollectionSerializer with User::ActiveRecord_Relation (0.22ms)
Completed 200 OK in 2ms (Views: 1.5ms | ActiveRecord: 0.3ms)


Started GET "/api/v1/users" for 127.0.0.1 at 2018-12-31 09:44:51 -0500
Processing by Api::V1::UsersController#index as */*
  [1m[36mUser Load (0.5ms)[0m  [1m[34mSELECT "users".* FROM "users"[0m
  ↳ app/controllers/api/v1/users_controller.rb:5
No serializer found for resource: #<User id: 1, username: "Nazgul", created_at: "2018-12-27 18:27:26", updated_at: "2018-12-27 18:27:26">
[active_model_serializers] Rendered ActiveModel::Serializer::CollectionSerializer with User::ActiveRecord_Relation (0.17ms)
Completed 200 OK in 2ms (Views: 1.4ms | ActiveRecord: 0.5ms)


Started GET "/api/v1/users" for 127.0.0.1 at 2018-12-31 09:45:08 -0500
Processing by Api::V1::UsersController#index as */*
  [1m[36mUser Load (0.3ms)[0m  [1m[34mSELECT "users".* FROM "users"[0m
  ↳ app/controllers/api/v1/users_controller.rb:5
No serializer found for resource: #<User id: 1, username: "Nazgul", created_at: "2018-12-27 18:27:26", updated_at: "2018-12-27 18:27:26">
[active_model_serializers] Rendered ActiveModel::Serializer::CollectionSerializer with User::ActiveRecord_Relation (0.15ms)
Completed 200 OK in 2ms (Views: 1.2ms | ActiveRecord: 0.3ms)


